{"event":"user-prompt-submit","timestamp":"2026-06-05T14:23:27Z","prompt":"Okay, take a look at this repository, it's a code challenge that we're gonna be giving to candidates who are applying for a full stack engineering role at Stratus. As you can see, it's a fabrication tracker. What I'd like to know is, do you see code generated that would result in the seeded two hundred spools that we talk about in the project description?"}
{"event":"pre-tool-use","timestamp":"2026-06-05T14:23:30Z","tool_name":"Grep","tool_input":{"pattern":"200|spool|seed","file_path":"/home/fragnot/Project/full-stack-engineer"}}
{"event":"pre-tool-use","timestamp":"2026-06-05T14:23:30Z","tool_name":"Grep","tool_input":{"pattern":"","file_path":"/home/fragnot/Project/full-stack-engineer","glob":"**/*","output_mode":"files_with_matches"}}
{"event":"pre-tool-use","timestamp":"2026-06-05T14:23:32Z","tool_name":"Read","tool_input":{"file_path":"/home/fragnot/Project/full-stack-engineer/src/Data/spools.seed.json"}}
{"event":"pre-tool-use","timestamp":"2026-06-05T14:23:32Z","tool_name":"Read","tool_input":{"file_path":"/home/fragnot/Project/full-stack-engineer/src/StratusFabTracker.Api/Infrastructure/SeedData.cs"}}
{"event":"pre-tool-use","timestamp":"2026-06-05T14:23:32Z","tool_name":"Grep","tool_input":{"pattern":"200","file_path":"/home/fragnot/Project/full-stack-engineer"}}
{"event":"pre-tool-use","timestamp":"2026-06-05T14:23:32Z","tool_name":"Grep","tool_input":{"pattern":"","file_path":"/home/fragnot/Project/full-stack-engineer","glob":"**/*.md","output_mode":"files_with_matches"}}
{"event":"pre-tool-use","timestamp":"2026-06-05T14:23:32Z","tool_name":"Read","tool_input":{"file_path":"/home/fragnot/Project/full-stack-engineer/role-config.json"}}
{"event":"pre-tool-use","timestamp":"2026-06-05T14:23:32Z","tool_name":"Grep","tool_input":{"pattern":"spool|seed|generat","file_path":"/home/fragnot/Project/full-stack-engineer","glob":"*.{sh,md,json,cs}"}}
{"event":"pre-tool-use","timestamp":"2026-06-05T14:23:32Z","tool_name":"Shell","tool_input":{"command":"wc -l /home/fragnot/Project/full-stack-engineer/src/Data/spools.seed.json && python3 -c \"import json; data=json.load(open('/home/fragnot/Project/full-stack-engineer/src/Data/spools.seed.json')); print(f'Spool count: {len(data)}')\"","cwd":"","timeout":30000}}
{"event":"pre-tool-use","timestamp":"2026-06-05T14:23:35Z","tool_name":"Read","tool_input":{"file_path":"/home/fragnot/Project/full-stack-engineer/src/StratusFabTracker.Api/Program.cs"}}
{"event":"pre-tool-use","timestamp":"2026-06-05T14:23:35Z","tool_name":"Grep","tool_input":{"pattern":"Mongo|generat|Faker|Bogus|for\\s*\\(|Enumerable\\.Range","file_path":"/home/fragnot/Project/full-stack-engineer"}}
{"event":"user-prompt-submit","timestamp":"2026-06-05T14:25:06Z","prompt":"Okay, I'd like your help to think about how we can refine this repository into something that I can actually use and distribute to a candidate where it's fair and accurate. That is to say that the README describes the functionality correctly, as it will exist in this brownfield example application. That the developer has all of the tools necessary at the start of the proctored exam to begin executing without doing things like installing databases, and also, if they have to run a seed script, clear instructions on how to run it."}
{"event":"pre-tool-use","timestamp":"2026-06-05T14:25:25Z","tool_name":"Read","tool_input":{"file_path":"/home/fragnot/Project/full-stack-engineer/src/StratusFabTracker.Api/Domain/Spool.cs"}}
{"event":"pre-tool-use","timestamp":"2026-06-05T14:25:25Z","tool_name":"Read","tool_input":{"file_path":"/home/fragnot/Project/full-stack-engineer/src/StratusFabTracker.Api/Domain/Station.cs"}}
{"event":"pre-tool-use","timestamp":"2026-06-05T14:25:26Z","tool_name":"Read","tool_input":{"file_path":"/home/fragnot/Project/full-stack-engineer/src/StratusFabTracker.Api/Application/SpoolWorkflowService.cs"}}
{"event":"pre-tool-use","timestamp":"2026-06-05T14:25:27Z","tool_name":"Read","tool_input":{"file_path":"/home/fragnot/Project/full-stack-engineer/src/StratusFabTracker.Api/Application/DashboardService.cs"}}
{"event":"pre-tool-use","timestamp":"2026-06-05T14:25:28Z","tool_name":"Read","tool_input":{"file_path":"/home/fragnot/Project/full-stack-engineer/src/StratusFabTracker.Api/Application/ThroughputService.cs"}}
{"event":"pre-tool-use","timestamp":"2026-06-05T14:25:28Z","tool_name":"Read","tool_input":{"file_path":"/home/fragnot/Project/full-stack-engineer/src/StratusFabTracker.Api/Application/Interfaces.cs"}}
{"event":"pre-tool-use","timestamp":"2026-06-05T14:25:29Z","tool_name":"Read","tool_input":{"file_path":"/home/fragnot/Project/full-stack-engineer/src/StratusFabTracker.Api/StratusFabTracker.Api.csproj"}}
{"event":"pre-tool-use","timestamp":"2026-06-05T14:25:29Z","tool_name":"Read","tool_input":{"file_path":"/home/fragnot/Project/full-stack-engineer/src/StratusFabTracker.Api/appsettings.json"}}
{"event":"pre-tool-use","timestamp":"2026-06-05T14:25:36Z","tool_name":"Read","tool_input":{"file_path":"/home/fragnot/Project/full-stack-engineer/INTERVIEW_RULES.md"}}
{"event":"pre-tool-use","timestamp":"2026-06-05T14:25:36Z","tool_name":"Read","tool_input":{"file_path":"/home/fragnot/Project/full-stack-engineer/src/stratus-fab-tracker-web/vite.config.ts"}}
{"event":"pre-tool-use","timestamp":"2026-06-05T14:25:36Z","tool_name":"Read","tool_input":{"file_path":"/home/fragnot/Project/full-stack-engineer/RUBRIC_OVERVIEW.md"}}
{"event":"pre-tool-use","timestamp":"2026-06-05T14:25:36Z","tool_name":"Read","tool_input":{"file_path":"/home/fragnot/Project/full-stack-engineer/src/stratus-fab-tracker-web/package.json"}}
{"event":"pre-tool-use","timestamp":"2026-06-05T14:25:36Z","tool_name":"Read","tool_input":{"file_path":"/home/fragnot/Project/full-stack-engineer/src/stratus-fab-tracker-web/src/App.vue"}}
{"event":"pre-tool-use","timestamp":"2026-06-05T14:25:36Z","tool_name":"Read","tool_input":{"file_path":"/home/fragnot/Project/full-stack-engineer/PROCESS.md"}}
{"event":"pre-tool-use","timestamp":"2026-06-05T14:25:36Z","tool_name":"Read","tool_input":{"file_path":"/home/fragnot/Project/full-stack-engineer/start.sh"}}
{"event":"pre-tool-use","timestamp":"2026-06-05T14:25:36Z","tool_name":"Read","tool_input":{"file_path":"/home/fragnot/Project/full-stack-engineer/PRIVACY_RELEASE.md"}}
